commit 8bd7a32f887d35370192041dd2ecae0f7a07043a
Author: Peter Moualnd <peter.moualnd@gmail.com>
Date:   Wed Sep 17 18:15:28 2014 +0100

    Merge branch 'master' of github.com:skyglobal/toolkit-skycons

commit dac6e7bde33dad04c0917c05c66562c5fd76444f
Author: Peter Moualnd <peter.moualnd@gmail.com>
Date:   Wed Sep 17 18:13:33 2014 +0100

    Merge branch 'master' of github.com:skyglobal/toolkit-skycons

commit ba8fdb8c12ff3df3f0de7f98a6c33602f29b8eb0
Author: Peter Moualnd <peter.moualnd@gmail.com>
Date:   Wed Sep 17 18:09:43 2014 +0100

    Update README.md

commit d6a9f424f3e197c7532f09a6ca9b15837bd34441
Author: Peter Moualnd <peter.moualnd@gmail.com>
Date:   Wed Sep 17 18:04:46 2014 +0100

    update server port + add a serve command

commit 1b9698ecb3903d7f9e8dcf806ebad248897160e3
Author: Peter Moualnd <peter.moualnd@gmail.com>
Date:   Wed Sep 17 16:37:42 2014 +0100

    update 'release' naming convention

commit 04c650196fcaa16cae7133a6ce300120a3fb0883
Author: Peter Moualnd <peter.moualnd@gmail.com>
Date:   Wed Sep 17 16:23:06 2014 +0100

    add bower release process

commit 8fc6af92b97153812f989a80a82b557ffb63d59b
Author: Peter Moualnd <peter.moualnd@gmail.com>
Date:   Wed Sep 17 16:14:07 2014 +0100

    update grunt to run bower and gulp for us

commit fb78ef2b8f81f5a0890b2a1bb9805a33f6e7b89b
Author: Peter Moualnd <peter.moualnd@gmail.com>
Date:   Wed Sep 17 16:08:19 2014 +0100

    add gulp for gh-pages deploy to package

commit 9c1acb77139a292fbcb6eed44b52672adde424c6
Author: Peter Moualnd <peter.moualnd@gmail.com>
Date:   Wed Sep 17 16:05:01 2014 +0100

    add gulp for gh-pages deploy

commit 9fd840cfa7fa647d0c5de8ef2d16b92bb7d4517b
Author: Peter Moualnd <peter.moualnd@gmail.com>
Date:   Wed Sep 17 15:47:45 2014 +0100

    skycons as a component

commit 11fe50a0f97bc9b707fb9b3eda4c76292eeacc50
Author: Peter Moualnd <peter.moualnd@gmail.com>
Date:   Wed Sep 17 10:05:20 2014 +0100

    first commit
